{"/mnt/c/users/jakea/challenge/caching-fetch-library/cachingFetch.ts": {"path":"/mnt/c/users/jakea/challenge/caching-fetch-library/cachingFetch.ts","statementMap":{"0":{"start":{"line":1,"column":0},"end":{"line":1,"column":44}},"1":{"start":{"line":33,"column":42},"end":{"line":33,"column":44}},"2":{"start":{"line":35,"column":48},"end":{"line":62,"column":1}},"3":{"start":{"line":37,"column":21},"end":{"line":37,"column":31}},"4":{"start":{"line":40,"column":36},"end":{"line":40,"column":66}},"5":{"start":{"line":41,"column":26},"end":{"line":41,"column":63}},"6":{"start":{"line":42,"column":28},"end":{"line":42,"column":56}},"7":{"start":{"line":44,"column":2},"end":{"line":59,"column":24}},"8":{"start":{"line":46,"column":4},"end":{"line":46,"column":27}},"9":{"start":{"line":46,"column":20},"end":{"line":46,"column":27}},"10":{"start":{"line":48,"column":4},"end":{"line":58,"column":9}},"11":{"start":{"line":49,"column":26},"end":{"line":49,"column":41}},"12":{"start":{"line":51,"column":8},"end":{"line":51,"column":30}},"13":{"start":{"line":52,"column":8},"end":{"line":52,"column":26}},"14":{"start":{"line":53,"column":8},"end":{"line":53,"column":28}},"15":{"start":{"line":56,"column":8},"end":{"line":56,"column":22}},"16":{"start":{"line":57,"column":8},"end":{"line":57,"column":28}},"17":{"start":{"line":61,"column":2},"end":{"line":61,"column":36}},"18":{"start":{"line":35,"column":13},"end":{"line":35,"column":48}},"19":{"start":{"line":79,"column":35},"end":{"line":90,"column":2}},"20":{"start":{"line":79,"column":72},"end":{"line":90,"column":2}},"21":{"start":{"line":80,"column":2},"end":{"line":80,"column":43}},"22":{"start":{"line":81,"column":2},"end":{"line":89,"column":7}},"23":{"start":{"line":82,"column":24},"end":{"line":82,"column":39}},"24":{"start":{"line":84,"column":6},"end":{"line":84,"column":28}},"25":{"start":{"line":85,"column":6},"end":{"line":85,"column":57}},"26":{"start":{"line":88,"column":6},"end":{"line":88,"column":63}},"27":{"start":{"line":79,"column":13},"end":{"line":79,"column":35}},"28":{"start":{"line":109,"column":30},"end":{"line":113,"column":1}},"29":{"start":{"line":111,"column":27},"end":{"line":111,"column":45}},"30":{"start":{"line":112,"column":2},"end":{"line":112,"column":42}},"31":{"start":{"line":109,"column":13},"end":{"line":109,"column":30}},"32":{"start":{"line":115,"column":31},"end":{"line":131,"column":1}},"33":{"start":{"line":117,"column":2},"end":{"line":130,"column":3}},"34":{"start":{"line":118,"column":19},"end":{"line":118,"column":46}},"35":{"start":{"line":120,"column":4},"end":{"line":126,"column":5}},"36":{"start":{"line":123,"column":6},"end":{"line":125,"column":7}},"37":{"start":{"line":124,"column":8},"end":{"line":124,"column":33}},"38":{"start":{"line":129,"column":4},"end":{"line":129,"column":54}},"39":{"start":{"line":115,"column":13},"end":{"line":115,"column":31}},"40":{"start":{"line":133,"column":25},"end":{"line":138,"column":1}},"41":{"start":{"line":135,"column":2},"end":{"line":137,"column":3}},"42":{"start":{"line":136,"column":4},"end":{"line":136,"column":22}},"43":{"start":{"line":133,"column":13},"end":{"line":133,"column":25}}},"fnMap":{"0":{"name":"(anonymous_7)","decl":{"start":{"line":35,"column":48},"end":{"line":35,"column":49}},"loc":{"start":{"line":35,"column":64},"end":{"line":62,"column":1}}},"1":{"name":"(anonymous_8)","decl":{"start":{"line":44,"column":12},"end":{"line":44,"column":15}},"loc":{"start":{"line":44,"column":17},"end":{"line":59,"column":3}}},"2":{"name":"(anonymous_9)","decl":{"start":{"line":49,"column":12},"end":{"line":49,"column":13}},"loc":{"start":{"line":49,"column":26},"end":{"line":49,"column":41}}},"3":{"name":"(anonymous_10)","decl":{"start":{"line":50,"column":12},"end":{"line":50,"column":13}},"loc":{"start":{"line":50,"column":25},"end":{"line":54,"column":7}}},"4":{"name":"(anonymous_11)","decl":{"start":{"line":55,"column":13},"end":{"line":55,"column":14}},"loc":{"start":{"line":55,"column":21},"end":{"line":58,"column":7}}},"5":{"name":"(anonymous_12)","decl":{"start":{"line":79,"column":35},"end":{"line":79,"column":42}},"loc":{"start":{"line":79,"column":72},"end":{"line":90,"column":2}}},"6":{"name":"(anonymous_13)","decl":{"start":{"line":79,"column":72},"end":{"line":79,"column":null}},"loc":{"start":{"line":79,"column":72},"end":{"line":90,"column":1}}},"7":{"name":"(anonymous_14)","decl":{"start":{"line":82,"column":10},"end":{"line":82,"column":11}},"loc":{"start":{"line":82,"column":24},"end":{"line":82,"column":39}}},"8":{"name":"(anonymous_15)","decl":{"start":{"line":83,"column":10},"end":{"line":83,"column":11}},"loc":{"start":{"line":83,"column":23},"end":{"line":86,"column":5}}},"9":{"name":"(anonymous_16)","decl":{"start":{"line":87,"column":11},"end":{"line":87,"column":12}},"loc":{"start":{"line":87,"column":19},"end":{"line":89,"column":5}}},"10":{"name":"(anonymous_17)","decl":{"start":{"line":109,"column":30},"end":{"line":109,"column":31}},"loc":{"start":{"line":109,"column":81},"end":{"line":113,"column":1}}},"11":{"name":"(anonymous_18)","decl":{"start":{"line":115,"column":31},"end":{"line":115,"column":32}},"loc":{"start":{"line":115,"column":65},"end":{"line":131,"column":1}}},"12":{"name":"(anonymous_19)","decl":{"start":{"line":133,"column":25},"end":{"line":133,"column":34}},"loc":{"start":{"line":133,"column":36},"end":{"line":138,"column":1}}}},"branchMap":{"0":{"loc":{"start":{"line":41,"column":44},"end":{"line":41,"column":62}},"type":"binary-expr","locations":[{"start":{"line":41,"column":44},"end":{"line":41,"column":54}},{"start":{"line":41,"column":58},"end":{"line":41,"column":62}}]},"1":{"loc":{"start":{"line":46,"column":4},"end":{"line":46,"column":27}},"type":"if","locations":[{"start":{"line":46,"column":4},"end":{"line":46,"column":27}}]},"2":{"loc":{"start":{"line":111,"column":27},"end":{"line":111,"column":45}},"type":"binary-expr","locations":[{"start":{"line":111,"column":27},"end":{"line":111,"column":36}},{"start":{"line":111,"column":40},"end":{"line":111,"column":45}}]},"3":{"loc":{"start":{"line":123,"column":6},"end":{"line":125,"column":7}},"type":"if","locations":[{"start":{"line":123,"column":6},"end":{"line":125,"column":7}}]}},"s":{"0":1,"1":1,"2":1,"3":0,"4":0,"5":0,"6":0,"7":0,"8":0,"9":0,"10":0,"11":0,"12":0,"13":0,"14":0,"15":0,"16":0,"17":0,"18":1,"19":1,"20":0,"21":0,"22":0,"23":0,"24":0,"25":0,"26":0,"27":1,"28":1,"29":1,"30":1,"31":1,"32":1,"33":0,"34":0,"35":0,"36":0,"37":0,"38":0,"39":1,"40":1,"41":0,"42":0,"43":1},"f":{"0":0,"1":0,"2":0,"3":0,"4":0,"5":0,"6":0,"7":0,"8":0,"9":0,"10":1,"11":0,"12":0},"b":{"0":[0,0],"1":[0],"2":[1,0],"3":[0]}}
}
